<?xml version="1.0" encoding="UTF-8"?>
<!-- Generated by org.testng.reporters.JUnitXMLReporter -->
<testsuite ignored="0" hostname="DESKTOP-D0JLFQF" failures="1" tests="1" name="OrangeHRMTest" time="10.44" errors="0" timestamp="2023-03-21T14:18:51 IST">
  <testcase classname="OpenHRMModule1LoginTest.OpenHRMModule1LoginTest" name="verificationofloginmodule" time="0.821">
    <failure type="java.lang.IllegalArgumentException" message="Keys to send should be a not null CharSequence">
      <![CDATA[java.lang.IllegalArgumentException: Keys to send should be a not null CharSequence
at org.openqa.selenium.remote.RemoteWebElement.sendKeys(RemoteWebElement.java:98)
at org.openqa.selenium.support.pagefactory.internal.LocatingElementHandler.invoke(LocatingElementHandler.java:52)
at jdk.proxy2/jdk.proxy2.$Proxy17.sendKeys(Unknown Source)
at OpenHRMModule1LoginPage.OpenHRMModule1LoginPage.inpOpenHRMModule1LoginPagePassword(OpenHRMModule1LoginPage.java:28)
at OpenHRMModule1LoginTest.OpenHRMModule1LoginTest.verificationofloginmodule(OpenHRMModule1LoginTest.java:40)
at java.base/java.util.ArrayList.forEach(ArrayList.java:1511)
... Removed 31 stack frames]]>
    </failure>
  </testcase> <!-- verificationofloginmodule -->
</testsuite> <!-- OrangeHRMTest -->
