<?xml version="1.0" encoding="UTF-8"?>
<testng-results ignored="0" total="1" passed="1" failed="0" skipped="0">
  <reporter-output>
  </reporter-output>
  <suite started-at="2023-03-20T23:45:42 IST" name="Default suite" finished-at="2023-03-20T23:46:16 IST" duration-ms="33699">
    <groups>
    </groups>
    <test started-at="2023-03-20T23:45:42 IST" name="Default test" finished-at="2023-03-20T23:46:16 IST" duration-ms="33699">
      <class name="OpenHRMModule3AdminTest.AddUserTest3">
        <test-method is-config="true" signature="openBroswer()[pri:0, instance:OpenHRMModule3AdminTest.AddUserTest3@1151e434]" started-at="2023-03-20T23:45:42 IST" name="openBroswer" finished-at="2023-03-20T23:45:50 IST" duration-ms="8300" status="PASS">
          <reporter-output>
          </reporter-output>
        </test-method> <!-- openBroswer -->
        <test-method is-config="true" signature="loginIntoApp()[pri:0, instance:OpenHRMModule3AdminTest.AddUserTest3@1151e434]" started-at="2023-03-20T23:45:50 IST" name="loginIntoApp" finished-at="2023-03-20T23:45:54 IST" duration-ms="3243" status="PASS">
          <reporter-output>
          </reporter-output>
        </test-method> <!-- loginIntoApp -->
        <test-method signature="verificationofloginmodule()[pri:0, instance:OpenHRMModule3AdminTest.AddUserTest3@1151e434]" started-at="2023-03-20T23:45:54 IST" name="verificationofloginmodule" finished-at="2023-03-20T23:46:16 IST" duration-ms="21972" status="PASS">
          <reporter-output>
          </reporter-output>
        </test-method> <!-- verificationofloginmodule -->
        <test-method is-config="true" signature="catptureSSoffailedTestCase(org.testng.ITestResult)[pri:0, instance:OpenHRMModule3AdminTest.AddUserTest3@1151e434]" started-at="2023-03-20T23:46:16 IST" name="catptureSSoffailedTestCase" finished-at="2023-03-20T23:46:16 IST" duration-ms="6" status="PASS">
          <params>
            <param index="0">
              <value>
                <![CDATA[[TestResult name=verificationofloginmodule status=SUCCESS method=AddUserTest3.verificationofloginmodule()[pri:0, instance:OpenHRMModule3AdminTest.AddUserTest3@1151e434] output={null}]]]>
              </value>
            </param>
          </params>
          <reporter-output>
          </reporter-output>
        </test-method> <!-- catptureSSoffailedTestCase -->
        <test-method is-config="true" signature="closeBrowser()[pri:0, instance:OpenHRMModule3AdminTest.AddUserTest3@1151e434]" started-at="2023-03-20T23:46:16 IST" name="closeBrowser" finished-at="2023-03-20T23:46:16 IST" duration-ms="122" status="PASS">
          <reporter-output>
          </reporter-output>
        </test-method> <!-- closeBrowser -->
      </class> <!-- OpenHRMModule3AdminTest.AddUserTest3 -->
    </test> <!-- Default test -->
  </suite> <!-- Default suite -->
</testng-results>
